[  419019ms] [ERROR] Failed to load resource: the server responded with a status of 404 (Not Found) @ http://[::1]:5173/resources/js/components/invitation/Envelope.tsx?t=1774812139576:0
[  419020ms] [ERROR] [vite] Failed to reload /resources/js/components/invitation/Envelope.tsx. This could be due to syntax errors or importing non-existent modules. (see errors above) @ http://fwtini.test/:90
[  419035ms] [ERROR] Failed to load resource: the server responded with a status of 404 (Not Found) @ http://[::1]:5173/resources/js/components/invitation/cards/DressCodeCard.tsx?t=1774812139577:0
[  419035ms] [ERROR] [vite] Failed to reload /resources/js/components/invitation/cards/DressCodeCard.tsx. This could be due to syntax errors or importing non-existent modules. (see errors above) @ http://fwtini.test/:90
[  419040ms] [ERROR] Failed to load resource: the server responded with a status of 404 (Not Found) @ http://[::1]:5173/resources/js/components/invitation/cards/MenuCard.tsx?t=1774812139578:0
[  419041ms] [ERROR] [vite] Failed to reload /resources/js/components/invitation/cards/MenuCard.tsx. This could be due to syntax errors or importing non-existent modules. (see errors above) @ http://fwtini.test/:90
[  419043ms] [ERROR] Failed to load resource: the server responded with a status of 404 (Not Found) @ http://[::1]:5173/resources/js/components/invitation/cards/ChurchCard.tsx?t=1774812139579:0
[  419043ms] [ERROR] [vite] Failed to reload /resources/js/components/invitation/cards/ChurchCard.tsx. This could be due to syntax errors or importing non-existent modules. (see errors above) @ http://fwtini.test/:90
[  419050ms] [ERROR] Failed to load resource: the server responded with a status of 404 (Not Found) @ http://[::1]:5173/resources/js/components/invitation/cards/SaveTheDateCard.tsx?t=1774812139580:0
[  419050ms] [ERROR] [vite] Failed to reload /resources/js/components/invitation/cards/SaveTheDateCard.tsx. This could be due to syntax errors or importing non-existent modules. (see errors above) @ http://fwtini.test/:90
[  419056ms] [ERROR] Failed to load resource: the server responded with a status of 404 (Not Found) @ http://[::1]:5173/resources/js/components/invitation/cards/ReceptionCard.tsx?t=1774812139581:0
[  419057ms] [ERROR] [vite] Failed to reload /resources/js/components/invitation/cards/ReceptionCard.tsx. This could be due to syntax errors or importing non-existent modules. (see errors above) @ http://fwtini.test/:90
[  419059ms] [ERROR] Failed to load resource: the server responded with a status of 404 (Not Found) @ http://[::1]:5173/resources/js/components/invitation/cards/RsvpCard.tsx?t=1774812139582:0
[  419059ms] [ERROR] [vite] Failed to reload /resources/js/components/invitation/cards/RsvpCard.tsx. This could be due to syntax errors or importing non-existent modules. (see errors above) @ http://fwtini.test/:90
[  419067ms] [ERROR] Failed to load resource: the server responded with a status of 404 (Not Found) @ http://[::1]:5173/resources/js/components/invitation/EnvelopeOpen.tsx?t=1774812139583:0
[  419068ms] [ERROR] [vite] Failed to reload /resources/js/components/invitation/EnvelopeOpen.tsx. This could be due to syntax errors or importing non-existent modules. (see errors above) @ http://fwtini.test/:90
[  419073ms] [ERROR] Failed to load resource: the server responded with a status of 404 (Not Found) @ http://[::1]:5173/resources/js/components/invitation/Flourish.tsx?t=1774812139584:0
[  419074ms] [ERROR] [vite] Failed to reload /resources/js/components/invitation/Flourish.tsx. This could be due to syntax errors or importing non-existent modules. (see errors above) @ http://fwtini.test/:90
[  419077ms] [ERROR] Failed to load resource: the server responded with a status of 404 (Not Found) @ http://[::1]:5173/resources/js/components/invitation/InvitationContent.tsx?t=1774812139585:0
[  419077ms] [ERROR] [vite] Failed to reload /resources/js/components/invitation/InvitationContent.tsx. This could be due to syntax errors or importing non-existent modules. (see errors above) @ http://fwtini.test/:90
[  443379ms] [ERROR] Failed to load resource: the server responded with a status of 404 (Not Found) @ http://[::1]:5173/resources/js/components/invitation/InvitationContent.tsx?t=1774812139585:0
[  443380ms] [ERROR] Failed to load resource: the server responded with a status of 404 (Not Found) @ http://[::1]:5173/resources/js/components/invitation/Envelope.tsx?t=1774812139576:0
[  443398ms] Failed to fetch dynamically imported module: http://[::1]:5173/resources/js/pages/invitation.tsx?t=1774812139585
[  453082ms] [ERROR] Failed to load resource: the server responded with a status of 404 (Not Found) @ http://[::1]:5173/resources/js/components/invitation/Envelope.tsx?t=1774812139576:0
[  453082ms] [ERROR] Failed to load resource: the server responded with a status of 404 (Not Found) @ http://[::1]:5173/resources/js/components/invitation/InvitationContent.tsx?t=1774812139585:0
[  453084ms] Failed to fetch dynamically imported module: http://[::1]:5173/resources/js/pages/invitation.tsx?t=1774812139585
