[   60761ms] [WARNING] Error with Permissions-Policy header: Unrecognized feature: 'ambient-light-sensor'. @ :0
[   60761ms] [WARNING] Error with Permissions-Policy header: Unrecognized feature: 'battery'. @ :0
[   61753ms] [INFO] BSSO Telemetry: {"result":"Error","error":"NoExtension","type":"ChromeSsoTelemetry","data":{},"traces":["BrowserSSO Initialized","Creating ChromeBrowserCore provider","Sending message for method CreateProviderAsync","Received message for method CreateProviderAsync","Error: ChromeBrowserCore error NoExtension: Extension is not installed."]} @ https://aadcdn.msftauth.net/shared/1.0/content/js/BssoInterrupt_Core_eE2DYJlsHKgq7xFfjkmMww2.js:17
[   61826ms] [ERROR] Failed to load resource: the server responded with a status of 404 () @ https://login.microsoftonline.com/favicon.ico:0
[   63227ms] [VERBOSE] [DOM] Input elements should have autocomplete attributes (suggested: "current-password"): (More info: https://goo.gl/9p2vKq) %o @ https://login.microsoftonline.com/o365.gsis.gr/oauth2/v2.0/authorize?client_id=c44b4083-3bb0-49c1-b47d-974e53cbdf3c&scope=https%3A%2F%2Fmanagement.core.windows.net%2F%2F.default%20openid%20profile%20offline_access&redirect_uri=https%3A%2F%2Fportal.azure.com%2Fauth%2Flogin%2F&client-request-id=019d43fb-d43d-770f-9a16-ab06e4f0d685&response_mode=fragment&client_info=1&nonce=019d43fb-d43d-7d5a-ba9f-521867469067&state=eyJpZCI6IjAxOWQ0M2ZiLWQ0M2QtN2RmMS05ZThiLThkMTBjYTBmZmU3MSIsIm1ldGEiOnsiaW50ZXJhY3Rpb25UeXBlIjoicmVkaXJlY3QifX0%3D&x-client-SKU=msal.js.browser&x-client-VER=4.21.0&response_type=code&code_challenge=tGDLO22O6ytlQaZL3TPy5_5Wga7aNL7ckiAUds_XHE8&code_challenge_method=S256&site_id=501430&instance_aware=true&sso_reload=true:0
[   63251ms] [ERROR] Framing 'https://portal.azure.com/' violates the following Content Security Policy directive: "frame-ancestors 'self'". The request has been blocked.
 @ :0
[   82639ms] [ERROR] Failed to load resource: net::ERR_ADDRESS_UNREACHABLE @ https://ipv6.login.live.com/ipv6.png?uaid=019d43fbd43d770f9a16ab06e4f0d685:0
[   82639ms] [ERROR] Failed to load resource: net::ERR_ADDRESS_UNREACHABLE @ https://ipv6.login.live.com/ipv6.png?uaid=019d43fbd43d770f9a16ab06e4f0d685:0
[  107763ms] [VERBOSE] [DOM] Password forms should have (optionally hidden) username fields for accessibility: (More info: https://goo.gl/9p2vKq) %o @ https://login.live.com/oauth20_authorize.srf?client_id=51483342-085c-4d86-bf88-cf50c7252078&client_id=51483342-085c-4d86-bf88-cf50c7252078&cobrandid=ed5d1924-9524-4e70-8f68-5ee5e35afbef&cobrandid=ed5d1924-9524-4e70-8f68-5ee5e35afbef&contextid=10E86021AC8CE37E&opid=06D201E5C8D54BF7&bk=1774962091&username=konstantinos.malatestas%40outlook.com&mkt=EN-US&lc=1033&uaid=019d43fbd43d770f9a16ab06e4f0d685&npc=7:0
[  114065ms] [ERROR] Failed to load resource: the server responded with a status of 404 (Not Found) @ https://login.live.com/favicon.ico:0
[  134875ms] [ERROR] Failed to load resource: the server responded with a status of 404 () @ https://management.azure.com/providers/Microsoft.PortalServices/settings/default?api-version=2024-09-01-preview:0
[  135970ms] [WARNING] Error with Permissions-Policy header: Unrecognized feature: 'ambient-light-sensor'. @ :0
[  135970ms] [WARNING] Error with Permissions-Policy header: Unrecognized feature: 'battery'. @ :0
[  136671ms] [WARNING] <meta name="apple-mobile-web-app-capable" content="yes"> is deprecated. Please include <meta name="mobile-web-app-capable" content="yes"> @ https://portal.azure.com/#@o365.gsis.gr/resource/subscriptions/6a0b1083-f47f-4167-b7f6-09b5a62cf121/resourceGroups/IA01-RG24/providers/Microsoft.Compute/virtualMachines/IA01-RG24-VM01/bastionHost:0
[  136835ms] [LOG] Version: 17.179.2.1
Session: b056eec75e0a4abf9a0ecb25fa177f8c @ https://portal.azure.com/Content/Dynamic/Wwk1XnY9H9Ha.js:380
[  137324ms] [WARNING] Error with Permissions-Policy header: Unrecognized feature: 'ambient-light-sensor'. @ :0
[  137324ms] [WARNING] Error with Permissions-Policy header: Unrecognized feature: 'battery'. @ :0
[  137892ms] [LOG] Extension: HubsExtension @ blob:https://portal.azure.com/540928fb-9b11-4552-b1e5-7d75364e4982:0
[  137985ms] [ERROR] Failed to load resource: the server responded with a status of 404 () @ https://graph.microsoft.com/v1.0/me/photo/$value:0
[  137987ms] [LOG] Extension: Microsoft_Azure_Copilot @ blob:https://portal.azure.com/540928fb-9b11-4552-b1e5-7d75364e4982:0
[  138699ms] [LOG] Extension: Microsoft_Azure_Compute @ blob:https://portal.azure.com/540928fb-9b11-4552-b1e5-7d75364e4982:0
[  139501ms] [LOG] Extension: Microsoft_Azure_HybridNetworking @ blob:https://portal.azure.com/540928fb-9b11-4552-b1e5-7d75364e4982:0
[  141385ms] [VERBOSE] [DOM] Password field is not contained in a form: (More info: https://goo.gl/9p2vKq) %o @ https://portal.azure.com/#@o365.gsis.gr/resource/subscriptions/6a0b1083-f47f-4167-b7f6-09b5a62cf121/resourceGroups/IA01-RG24/providers/Microsoft.Compute/virtualMachines/IA01-RG24-VM01/bastionHost:0
[  141385ms] [VERBOSE] [DOM] Password field is not contained in a form: (More info: https://goo.gl/9p2vKq) %o @ https://portal.azure.com/#@o365.gsis.gr/resource/subscriptions/6a0b1083-f47f-4167-b7f6-09b5a62cf121/resourceGroups/IA01-RG24/providers/Microsoft.Compute/virtualMachines/IA01-RG24-VM01/bastionHost:0
[  141386ms] [VERBOSE] [DOM] Password field is not contained in a form: (More info: https://goo.gl/9p2vKq) %o @ https://portal.azure.com/#@o365.gsis.gr/resource/subscriptions/6a0b1083-f47f-4167-b7f6-09b5a62cf121/resourceGroups/IA01-RG24/providers/Microsoft.Compute/virtualMachines/IA01-RG24-VM01/bastionHost:0
[  141386ms] [VERBOSE] [DOM] Password field is not contained in a form: (More info: https://goo.gl/9p2vKq) %o @ https://portal.azure.com/#@o365.gsis.gr/resource/subscriptions/6a0b1083-f47f-4167-b7f6-09b5a62cf121/resourceGroups/IA01-RG24/providers/Microsoft.Compute/virtualMachines/IA01-RG24-VM01/bastionHost:0
